commons-logging-1.0.4.jar
ejb3-persistence.jar
org.springframework.asm-3.0.1.RELEASE-A.jar
commons-dbcp.jar
org.springframework.context.support-3.0.1.RELEASE-A.jar
commons-pool-1.6.jar
commons-digester-2.0.jar
org.springframework.expression-3.0.1.RELEASE-A.jar
spring-jdbc-2.0-rc1.jar
org.springframework.transaction-3.0.1.RELEASE-A.jar
spring-tx-2.5.6.jar
commons-beanutils-1.8.0.jar
org.springframework.orm-3.0.0.RELEASE.jar
org.springframework.core-3.0.1.RELEASE-A.jar
org.springframework.web-3.0.1.RELEASE-A.jar
org.springframework.jdbc-3.0.1.RELEASE.jar
org.springframework.web.servlet-3.0.1.RELEASE-A.jar
jstl-1.2.jar
org.springframework.beans-3.0.1.RELEASE-A.jar
org.springframework.context-3.0.1.RELEASE-A.jar
aspectjweaver.jar
